  [1m[36m (1.2ms)[0m  [1mCREATE TABLE "schema_migrations" ("version" varchar NOT NULL) [0m
  [1m[35m (0.0ms)[0m  select sqlite_version(*)
  [1m[36m (1.0ms)[0m  [1mCREATE UNIQUE INDEX "unique_schema_migrations" ON "schema_migrations" ("version")[0m
  [1m[35mActiveRecord::SchemaMigration Load (0.1ms)[0m  SELECT "schema_migrations".* FROM "schema_migrations"
  [1m[36mActiveRecord::SchemaMigration Load (0.1ms)[0m  [1mSELECT "schema_migrations".* FROM "schema_migrations"[0m
Migrating to CreatePosts (20151230232412)
  [1m[35m (0.1ms)[0m  begin transaction
  [1m[36m (0.4ms)[0m  [1mCREATE TABLE "posts" ("id" INTEGER PRIMARY KEY AUTOINCREMENT NOT NULL, "title" varchar, "description" text, "created_at" datetime NOT NULL, "updated_at" datetime NOT NULL) [0m
  [1m[35mSQL (0.2ms)[0m  INSERT INTO "schema_migrations" ("version") VALUES (?)  [["version", "20151230232412"]]
  [1m[36m (1.3ms)[0m  [1mcommit transaction[0m
  [1m[35mActiveRecord::SchemaMigration Load (0.1ms)[0m  SELECT "schema_migrations".* FROM "schema_migrations"


Started GET "/posts/new" for ::1 at 2015-12-31 13:44:56 -0600
  [1m[36mActiveRecord::SchemaMigration Load (0.1ms)[0m  [1mSELECT "schema_migrations".* FROM "schema_migrations"[0m
Processing by PostsController#new as HTML
  Rendered posts/new.html.erb within layouts/application (2.1ms)
Completed 200 OK in 347ms (Views: 326.8ms | ActiveRecord: 0.2ms)


Started GET "/assets/application.self-e80e8f2318043e8af94dddc2adad5a4f09739a8ebb323b3ab31cd71d45fd9113.css?body=1" for ::1 at 2015-12-31 13:44:57 -0600


Started GET "/assets/application.self-3b8dabdc891efe46b9a144b400ad69e37d7e5876bdc39dee783419a69d7ca819.js?body=1" for ::1 at 2015-12-31 13:44:57 -0600


Started POST "/posts" for ::1 at 2015-12-31 13:45:03 -0600
Processing by PostsController#create as HTML
  Parameters: {"utf8"=>"✓", "authenticity_token"=>"mFCuNJP5reOW19phdr4zXRLzOMo4NZQ3wneiVR+RO/+owIoDiOxh24iHKkZ7DGazxbSIoRmvIOmJgA4gog1sGg==", "title"=>"Rails Introduction Quiz", "description"=>"asdfasdf", "commit"=>"Submit Post"}
  [1m[35m (0.1ms)[0m  begin transaction
  [1m[36mSQL (0.4ms)[0m  [1mINSERT INTO "posts" ("title", "description", "created_at", "updated_at") VALUES (?, ?, ?, ?)[0m  [["title", "Rails Introduction Quiz"], ["description", "asdfasdf"], ["created_at", "2015-12-31 19:45:03.614973"], ["updated_at", "2015-12-31 19:45:03.614973"]]
  [1m[35m (1.2ms)[0m  commit transaction
Redirected to http://localhost:3000/posts/1
Completed 302 Found in 22ms (ActiveRecord: 1.7ms)


Started GET "/posts/1" for ::1 at 2015-12-31 13:45:03 -0600
Processing by PostsController#show as HTML
  Parameters: {"id"=>"1"}
  [1m[36mPost Load (0.2ms)[0m  [1mSELECT  "posts".* FROM "posts" WHERE "posts"."id" = ? LIMIT 1[0m  [["id", 1]]
  Rendered posts/show.html.erb within layouts/application (0.4ms)
Completed 200 OK in 27ms (Views: 10.4ms | ActiveRecord: 0.2ms)
  [1m[36mPost Load (2.6ms)[0m  [1m[34mSELECT "posts".* FROM "posts"[0m
  [1m[35m (0.2ms)[0m  [1m[36mbegin transaction[0m
  [1m[35mSQL (47.1ms)[0m  [1m[32mINSERT INTO "posts" ("title", "description", "created_at", "updated_at") VALUES (?, ?, ?, ?)[0m  [["title", "Title"], ["description", "Description"], ["created_at", "2020-12-02 10:44:07.586721"], ["updated_at", "2020-12-02 10:44:07.586721"]]
  [1m[35m (10.6ms)[0m  [1m[36mcommit transaction[0m
  [1m[36mPost Load (0.2ms)[0m  [1m[34mSELECT "posts".* FROM "posts"[0m
Started GET "/" for 127.0.0.1 at 2020-12-02 10:48:05 +0000
  [1m[36mActiveRecord::SchemaMigration Load (0.4ms)[0m  [1m[34mSELECT "schema_migrations".* FROM "schema_migrations"[0m
Processing by Rails::WelcomeController#index as HTML
  Parameters: {"internal"=>true}
  Rendering /home/loots/.rvm/gems/ruby-2.6.1/gems/railties-5.0.7.2/lib/rails/templates/rails/welcome/index.html.erb
  Rendered /home/loots/.rvm/gems/ruby-2.6.1/gems/railties-5.0.7.2/lib/rails/templates/rails/welcome/index.html.erb (11.4ms)
Completed 200 OK in 45ms (Views: 24.2ms | ActiveRecord: 0.0ms)


Started GET "/posts/new" for 127.0.0.1 at 2020-12-02 10:48:13 +0000
Processing by PostsController#new as HTML
  Rendering posts/new.html.erb within layouts/application
  Rendered posts/new.html.erb within layouts/application (8.8ms)
Completed 200 OK in 796ms (Views: 729.9ms | ActiveRecord: 1.4ms)


Started POST "/posts" for 127.0.0.1 at 2020-12-02 10:48:25 +0000
Processing by PostsController#create as HTML
  Parameters: {"utf8"=>"✓", "authenticity_token"=>"XMJ3eGn+S6GohqkZMHIbofUU5DbcOQMOBYkXfXHe3vn6SQctVcREIMhdFhV5emc2HMgHgww0fIIa9yWPnGWYdQ==", "title"=>"Test", "description"=>"TestDescription", "commit"=>"Submit Post"}
  [1m[35m (0.7ms)[0m  [1m[36mbegin transaction[0m
  [1m[35mSQL (0.7ms)[0m  [1m[32mINSERT INTO "posts" ("title", "description", "created_at", "updated_at") VALUES (?, ?, ?, ?)[0m  [["title", "Test"], ["description", "TestDescription"], ["created_at", "2020-12-02 10:48:25.123130"], ["updated_at", "2020-12-02 10:48:25.123130"]]
  [1m[35m (8.6ms)[0m  [1m[36mcommit transaction[0m
No template found for PostsController#create, rendering head :no_content
Completed 204 No Content in 38ms (ActiveRecord: 10.0ms)


  [1m[36mPost Load (2.8ms)[0m  [1m[34mSELECT "posts".* FROM "posts"[0m
  [1m[36mPost Load (0.4ms)[0m  [1m[34mSELECT  "posts".* FROM "posts" ORDER BY "posts"."id" DESC LIMIT ?[0m  [["LIMIT", 1]]
Started GET "/posts/new" for 127.0.0.1 at 2020-12-02 10:51:20 +0000
  [1m[36mActiveRecord::SchemaMigration Load (0.4ms)[0m  [1m[34mSELECT "schema_migrations".* FROM "schema_migrations"[0m
Processing by PostsController#new as HTML
  Rendering posts/new.html.erb within layouts/application
  Rendered posts/new.html.erb within layouts/application (9.4ms)
Completed 200 OK in 368ms (Views: 339.3ms | ActiveRecord: 1.2ms)


Started POST "/posts" for 127.0.0.1 at 2020-12-02 10:51:28 +0000
Processing by PostsController#create as HTML
  Parameters: {"utf8"=>"✓", "authenticity_token"=>"KhxuOwC+pAi94Rr13IAybGNBFDPcVJ+wU8p1CVVhhSCMlx5uPISrid06pfmViE77ip33hgxZ4DxMtEf7uNrDrA==", "title"=>"Title2", "description"=>"Description2\r\n", "commit"=>"Submit Post"}
  [1m[35m (0.7ms)[0m  [1m[36mbegin transaction[0m
  [1m[35mSQL (0.8ms)[0m  [1m[32mINSERT INTO "posts" ("title", "description", "created_at", "updated_at") VALUES (?, ?, ?, ?)[0m  [["title", "Title2"], ["description", "Description2\r\n"], ["created_at", "2020-12-02 10:51:28.304592"], ["updated_at", "2020-12-02 10:51:28.304592"]]
  [1m[35m (57.2ms)[0m  [1m[36mcommit transaction[0m
Redirected to http://localhost:3000/posts/4
Completed 302 Found in 67ms (ActiveRecord: 58.7ms)


Started GET "/posts/4" for 127.0.0.1 at 2020-12-02 10:51:28 +0000
Processing by PostsController#show as HTML
  Parameters: {"id"=>"4"}
  [1m[36mPost Load (0.7ms)[0m  [1m[34mSELECT  "posts".* FROM "posts" WHERE "posts"."id" = ? LIMIT ?[0m  [["id", 4], ["LIMIT", 1]]
  Rendering posts/show.html.erb within layouts/application
  Rendered posts/show.html.erb within layouts/application (1.4ms)
Completed 200 OK in 45ms (Views: 34.6ms | ActiveRecord: 0.7ms)


